  [1m[36m (148.4ms)[0m  [1mCREATE TABLE "schema_migrations" ("version" varchar(255) NOT NULL) [0m
  [1m[35m (0.2ms)[0m  select sqlite_version(*)
  [1m[36m (134.8ms)[0m  [1mCREATE UNIQUE INDEX "unique_schema_migrations" ON "schema_migrations" ("version")[0m
  [1m[35mActiveRecord::SchemaMigration Load (0.3ms)[0m  SELECT "schema_migrations".* FROM "schema_migrations"
Migrating to CreateCategories (20150915195628)
  [1m[36m (0.1ms)[0m  [1mbegin transaction[0m
  [1m[35m (0.3ms)[0m  CREATE TABLE "categories" ("id" INTEGER PRIMARY KEY AUTOINCREMENT NOT NULL, "nombre" varchar(255), "created_at" datetime, "updated_at" datetime) 
  [1m[36mSQL (17.0ms)[0m  [1mINSERT INTO "schema_migrations" ("version") VALUES (?)[0m  [["version", "20150915195628"]]
  [1m[35m (126.4ms)[0m  commit transaction
  [1m[36mActiveRecord::SchemaMigration Load (0.1ms)[0m  [1mSELECT "schema_migrations".* FROM "schema_migrations"[0m


Started GET "/" for 127.0.0.1 at 2015-09-15 16:58:00 -0300
  [1m[36mActiveRecord::SchemaMigration Load (0.1ms)[0m  [1mSELECT "schema_migrations".* FROM "schema_migrations"[0m
Processing by Rails::WelcomeController#index as HTML
  Rendered /var/lib/gems/1.9.1/gems/railties-4.1.2/lib/rails/templates/rails/welcome/index.html.erb (27.8ms)
Completed 200 OK in 212ms (Views: 195.0ms | ActiveRecord: 0.0ms)


Started GET "/" for 127.0.0.1 at 2015-09-15 16:58:00 -0300
Processing by Rails::WelcomeController#index as HTML
  Rendered /var/lib/gems/1.9.1/gems/railties-4.1.2/lib/rails/templates/rails/welcome/index.html.erb (0.2ms)
Completed 200 OK in 3ms (Views: 2.2ms | ActiveRecord: 0.0ms)
  [1m[36mCategory Load (20.6ms)[0m  [1mSELECT "categories".* FROM "categories"[0m
  [1m[35m (0.1ms)[0m  begin transaction
  [1m[36mSQL (0.6ms)[0m  [1mINSERT INTO "categories" ("created_at", "nombre", "updated_at") VALUES (?, ?, ?)[0m  [["created_at", "2015-09-15 20:01:58.176964"], ["nombre", "Ropa"], ["updated_at", "2015-09-15 20:01:58.176964"]]
  [1m[35m (112.3ms)[0m  commit transaction
  [1m[36mCategory Load (0.3ms)[0m  [1mSELECT "categories".* FROM "categories"[0m


Started GET "/teachers" for 127.0.0.1 at 2015-09-15 19:01:24 -0300
  [1m[36mActiveRecord::SchemaMigration Load (0.1ms)[0m  [1mSELECT "schema_migrations".* FROM "schema_migrations"[0m

ActionController::RoutingError (No route matches [GET] "/teachers"):
  actionpack (4.1.2) lib/action_dispatch/middleware/debug_exceptions.rb:21:in `call'
  actionpack (4.1.2) lib/action_dispatch/middleware/show_exceptions.rb:30:in `call'
  railties (4.1.2) lib/rails/rack/logger.rb:38:in `call_app'
  railties (4.1.2) lib/rails/rack/logger.rb:20:in `block in call'
  activesupport (4.1.2) lib/active_support/tagged_logging.rb:68:in `block in tagged'
  activesupport (4.1.2) lib/active_support/tagged_logging.rb:26:in `tagged'
  activesupport (4.1.2) lib/active_support/tagged_logging.rb:68:in `tagged'
  railties (4.1.2) lib/rails/rack/logger.rb:20:in `call'
  actionpack (4.1.2) lib/action_dispatch/middleware/request_id.rb:21:in `call'
  rack (1.5.5) lib/rack/methodoverride.rb:21:in `call'
  rack (1.5.5) lib/rack/runtime.rb:17:in `call'
  activesupport (4.1.2) lib/active_support/cache/strategy/local_cache_middleware.rb:26:in `call'
  rack (1.5.5) lib/rack/lock.rb:17:in `call'
  actionpack (4.1.2) lib/action_dispatch/middleware/static.rb:64:in `call'
  rack (1.5.5) lib/rack/sendfile.rb:112:in `call'
  railties (4.1.2) lib/rails/engine.rb:514:in `call'
  railties (4.1.2) lib/rails/application.rb:144:in `call'
  rack (1.5.5) lib/rack/lock.rb:17:in `call'
  rack (1.5.5) lib/rack/content_length.rb:14:in `call'
  rack (1.5.5) lib/rack/handler/webrick.rb:60:in `service'
  /usr/lib/ruby/1.9.1/webrick/httpserver.rb:138:in `service'
  /usr/lib/ruby/1.9.1/webrick/httpserver.rb:94:in `run'
  /usr/lib/ruby/1.9.1/webrick/server.rb:191:in `block in start_thread'


  Rendered /var/lib/gems/1.9.1/gems/actionpack-4.1.2/lib/action_dispatch/middleware/templates/rescues/_trace.html.erb (0.9ms)
  Rendered /var/lib/gems/1.9.1/gems/actionpack-4.1.2/lib/action_dispatch/middleware/templates/routes/_table.html.erb (30.1ms)
  Rendered /var/lib/gems/1.9.1/gems/actionpack-4.1.2/lib/action_dispatch/middleware/templates/rescues/routing_error.html.erb within rescues/layout (91.8ms)


Started GET "/categories/new" for 127.0.0.1 at 2015-09-15 19:01:37 -0300

ActionController::RoutingError (No route matches [GET] "/categories/new"):
  actionpack (4.1.2) lib/action_dispatch/middleware/debug_exceptions.rb:21:in `call'
  actionpack (4.1.2) lib/action_dispatch/middleware/show_exceptions.rb:30:in `call'
  railties (4.1.2) lib/rails/rack/logger.rb:38:in `call_app'
  railties (4.1.2) lib/rails/rack/logger.rb:20:in `block in call'
  activesupport (4.1.2) lib/active_support/tagged_logging.rb:68:in `block in tagged'
  activesupport (4.1.2) lib/active_support/tagged_logging.rb:26:in `tagged'
  activesupport (4.1.2) lib/active_support/tagged_logging.rb:68:in `tagged'
  railties (4.1.2) lib/rails/rack/logger.rb:20:in `call'
  actionpack (4.1.2) lib/action_dispatch/middleware/request_id.rb:21:in `call'
  rack (1.5.5) lib/rack/methodoverride.rb:21:in `call'
  rack (1.5.5) lib/rack/runtime.rb:17:in `call'
  activesupport (4.1.2) lib/active_support/cache/strategy/local_cache_middleware.rb:26:in `call'
  rack (1.5.5) lib/rack/lock.rb:17:in `call'
  actionpack (4.1.2) lib/action_dispatch/middleware/static.rb:64:in `call'
  rack (1.5.5) lib/rack/sendfile.rb:112:in `call'
  railties (4.1.2) lib/rails/engine.rb:514:in `call'
  railties (4.1.2) lib/rails/application.rb:144:in `call'
  rack (1.5.5) lib/rack/lock.rb:17:in `call'
  rack (1.5.5) lib/rack/content_length.rb:14:in `call'
  rack (1.5.5) lib/rack/handler/webrick.rb:60:in `service'
  /usr/lib/ruby/1.9.1/webrick/httpserver.rb:138:in `service'
  /usr/lib/ruby/1.9.1/webrick/httpserver.rb:94:in `run'
  /usr/lib/ruby/1.9.1/webrick/server.rb:191:in `block in start_thread'


  Rendered /var/lib/gems/1.9.1/gems/actionpack-4.1.2/lib/action_dispatch/middleware/templates/rescues/_trace.html.erb (1.2ms)
  Rendered /var/lib/gems/1.9.1/gems/actionpack-4.1.2/lib/action_dispatch/middleware/templates/routes/_table.html.erb (1.3ms)
  Rendered /var/lib/gems/1.9.1/gems/actionpack-4.1.2/lib/action_dispatch/middleware/templates/rescues/routing_error.html.erb within rescues/layout (14.3ms)


Started GET "/categories/new" for 127.0.0.1 at 2015-09-15 19:03:28 -0300

LoadError (Unable to autoload constant CategoriesController, expected /home/fran/Codifive/Codifive/app/controllers/categories_controller.rb to define it):
  activesupport (4.1.2) lib/active_support/dependencies.rb:481:in `load_missing_constant'
  activesupport (4.1.2) lib/active_support/dependencies.rb:180:in `const_missing'
  activesupport (4.1.2) lib/active_support/inflector/methods.rb:238:in `const_get'
  activesupport (4.1.2) lib/active_support/inflector/methods.rb:238:in `block in constantize'
  activesupport (4.1.2) lib/active_support/inflector/methods.rb:236:in `each'
  activesupport (4.1.2) lib/active_support/inflector/methods.rb:236:in `inject'
  activesupport (4.1.2) lib/active_support/inflector/methods.rb:236:in `constantize'
  activesupport (4.1.2) lib/active_support/dependencies.rb:552:in `get'
  activesupport (4.1.2) lib/active_support/dependencies.rb:583:in `constantize'
  actionpack (4.1.2) lib/action_dispatch/routing/route_set.rb:78:in `controller_reference'
  actionpack (4.1.2) lib/action_dispatch/routing/route_set.rb:68:in `controller'
  actionpack (4.1.2) lib/action_dispatch/routing/route_set.rb:46:in `call'
  actionpack (4.1.2) lib/action_dispatch/journey/router.rb:71:in `block in call'
  actionpack (4.1.2) lib/action_dispatch/journey/router.rb:59:in `each'
  actionpack (4.1.2) lib/action_dispatch/journey/router.rb:59:in `call'
  actionpack (4.1.2) lib/action_dispatch/routing/route_set.rb:678:in `call'
  rack (1.5.5) lib/rack/etag.rb:23:in `call'
  rack (1.5.5) lib/rack/conditionalget.rb:25:in `call'
  rack (1.5.5) lib/rack/head.rb:11:in `call'
  actionpack (4.1.2) lib/action_dispatch/middleware/params_parser.rb:27:in `call'
  actionpack (4.1.2) lib/action_dispatch/middleware/flash.rb:254:in `call'
  rack (1.5.5) lib/rack/session/abstract/id.rb:225:in `context'
  rack (1.5.5) lib/rack/session/abstract/id.rb:220:in `call'
  actionpack (4.1.2) lib/action_dispatch/middleware/cookies.rb:560:in `call'
  activerecord (4.1.2) lib/active_record/query_cache.rb:36:in `call'
  activerecord (4.1.2) lib/active_record/connection_adapters/abstract/connection_pool.rb:621:in `call'
  activerecord (4.1.2) lib/active_record/migration.rb:380:in `call'
  actionpack (4.1.2) lib/action_dispatch/middleware/callbacks.rb:29:in `block in call'
  activesupport (4.1.2) lib/active_support/callbacks.rb:82:in `run_callbacks'
  actionpack (4.1.2) lib/action_dispatch/middleware/callbacks.rb:27:in `call'
  actionpack (4.1.2) lib/action_dispatch/middleware/reloader.rb:73:in `call'
  actionpack (4.1.2) lib/action_dispatch/middleware/remote_ip.rb:76:in `call'
  actionpack (4.1.2) lib/action_dispatch/middleware/debug_exceptions.rb:17:in `call'
  actionpack (4.1.2) lib/action_dispatch/middleware/show_exceptions.rb:30:in `call'
  railties (4.1.2) lib/rails/rack/logger.rb:38:in `call_app'
  railties (4.1.2) lib/rails/rack/logger.rb:20:in `block in call'
  activesupport (4.1.2) lib/active_support/tagged_logging.rb:68:in `block in tagged'
  activesupport (4.1.2) lib/active_support/tagged_logging.rb:26:in `tagged'
  activesupport (4.1.2) lib/active_support/tagged_logging.rb:68:in `tagged'
  railties (4.1.2) lib/rails/rack/logger.rb:20:in `call'
  actionpack (4.1.2) lib/action_dispatch/middleware/request_id.rb:21:in `call'
  rack (1.5.5) lib/rack/methodoverride.rb:21:in `call'
  rack (1.5.5) lib/rack/runtime.rb:17:in `call'
  activesupport (4.1.2) lib/active_support/cache/strategy/local_cache_middleware.rb:26:in `call'
  rack (1.5.5) lib/rack/lock.rb:17:in `call'
  actionpack (4.1.2) lib/action_dispatch/middleware/static.rb:64:in `call'
  rack (1.5.5) lib/rack/sendfile.rb:112:in `call'
  railties (4.1.2) lib/rails/engine.rb:514:in `call'
  railties (4.1.2) lib/rails/application.rb:144:in `call'
  rack (1.5.5) lib/rack/lock.rb:17:in `call'
  rack (1.5.5) lib/rack/content_length.rb:14:in `call'
  rack (1.5.5) lib/rack/handler/webrick.rb:60:in `service'
  /usr/lib/ruby/1.9.1/webrick/httpserver.rb:138:in `service'
  /usr/lib/ruby/1.9.1/webrick/httpserver.rb:94:in `run'
  /usr/lib/ruby/1.9.1/webrick/server.rb:191:in `block in start_thread'


  Rendered /var/lib/gems/1.9.1/gems/actionpack-4.1.2/lib/action_dispatch/middleware/templates/rescues/_source.erb (0.5ms)
  Rendered /var/lib/gems/1.9.1/gems/actionpack-4.1.2/lib/action_dispatch/middleware/templates/rescues/_trace.html.erb (0.9ms)
  Rendered /var/lib/gems/1.9.1/gems/actionpack-4.1.2/lib/action_dispatch/middleware/templates/rescues/_request_and_response.html.erb (24.9ms)
  Rendered /var/lib/gems/1.9.1/gems/actionpack-4.1.2/lib/action_dispatch/middleware/templates/rescues/diagnostics.erb within rescues/layout (38.0ms)


Started GET "/categories/new" for 127.0.0.1 at 2015-09-15 19:04:33 -0300
  [1m[36mActiveRecord::SchemaMigration Load (0.1ms)[0m  [1mSELECT "schema_migrations".* FROM "schema_migrations"[0m

LoadError (Unable to autoload constant CategoriesController, expected /home/fran/Codifive/Codifive/app/controllers/categories_controller.rb to define it):
  activesupport (4.1.2) lib/active_support/dependencies.rb:481:in `load_missing_constant'
  activesupport (4.1.2) lib/active_support/dependencies.rb:180:in `const_missing'
  activesupport (4.1.2) lib/active_support/inflector/methods.rb:238:in `const_get'
  activesupport (4.1.2) lib/active_support/inflector/methods.rb:238:in `block in constantize'
  activesupport (4.1.2) lib/active_support/inflector/methods.rb:236:in `each'
  activesupport (4.1.2) lib/active_support/inflector/methods.rb:236:in `inject'
  activesupport (4.1.2) lib/active_support/inflector/methods.rb:236:in `constantize'
  activesupport (4.1.2) lib/active_support/dependencies.rb:552:in `get'
  activesupport (4.1.2) lib/active_support/dependencies.rb:583:in `constantize'
  actionpack (4.1.2) lib/action_dispatch/routing/route_set.rb:78:in `controller_reference'
  actionpack (4.1.2) lib/action_dispatch/routing/route_set.rb:68:in `controller'
  actionpack (4.1.2) lib/action_dispatch/routing/route_set.rb:46:in `call'
  actionpack (4.1.2) lib/action_dispatch/journey/router.rb:71:in `block in call'
  actionpack (4.1.2) lib/action_dispatch/journey/router.rb:59:in `each'
  actionpack (4.1.2) lib/action_dispatch/journey/router.rb:59:in `call'
  actionpack (4.1.2) lib/action_dispatch/routing/route_set.rb:678:in `call'
  rack (1.5.5) lib/rack/etag.rb:23:in `call'
  rack (1.5.5) lib/rack/conditionalget.rb:25:in `call'
  rack (1.5.5) lib/rack/head.rb:11:in `call'
  actionpack (4.1.2) lib/action_dispatch/middleware/params_parser.rb:27:in `call'
  actionpack (4.1.2) lib/action_dispatch/middleware/flash.rb:254:in `call'
  rack (1.5.5) lib/rack/session/abstract/id.rb:225:in `context'
  rack (1.5.5) lib/rack/session/abstract/id.rb:220:in `call'
  actionpack (4.1.2) lib/action_dispatch/middleware/cookies.rb:560:in `call'
  activerecord (4.1.2) lib/active_record/query_cache.rb:36:in `call'
  activerecord (4.1.2) lib/active_record/connection_adapters/abstract/connection_pool.rb:621:in `call'
  activerecord (4.1.2) lib/active_record/migration.rb:380:in `call'
  actionpack (4.1.2) lib/action_dispatch/middleware/callbacks.rb:29:in `block in call'
  activesupport (4.1.2) lib/active_support/callbacks.rb:82:in `run_callbacks'
  actionpack (4.1.2) lib/action_dispatch/middleware/callbacks.rb:27:in `call'
  actionpack (4.1.2) lib/action_dispatch/middleware/reloader.rb:73:in `call'
  actionpack (4.1.2) lib/action_dispatch/middleware/remote_ip.rb:76:in `call'
  actionpack (4.1.2) lib/action_dispatch/middleware/debug_exceptions.rb:17:in `call'
  actionpack (4.1.2) lib/action_dispatch/middleware/show_exceptions.rb:30:in `call'
  railties (4.1.2) lib/rails/rack/logger.rb:38:in `call_app'
  railties (4.1.2) lib/rails/rack/logger.rb:20:in `block in call'
  activesupport (4.1.2) lib/active_support/tagged_logging.rb:68:in `block in tagged'
  activesupport (4.1.2) lib/active_support/tagged_logging.rb:26:in `tagged'
  activesupport (4.1.2) lib/active_support/tagged_logging.rb:68:in `tagged'
  railties (4.1.2) lib/rails/rack/logger.rb:20:in `call'
  actionpack (4.1.2) lib/action_dispatch/middleware/request_id.rb:21:in `call'
  rack (1.5.5) lib/rack/methodoverride.rb:21:in `call'
  rack (1.5.5) lib/rack/runtime.rb:17:in `call'
  activesupport (4.1.2) lib/active_support/cache/strategy/local_cache_middleware.rb:26:in `call'
  rack (1.5.5) lib/rack/lock.rb:17:in `call'
  actionpack (4.1.2) lib/action_dispatch/middleware/static.rb:64:in `call'
  rack (1.5.5) lib/rack/sendfile.rb:112:in `call'
  railties (4.1.2) lib/rails/engine.rb:514:in `call'
  railties (4.1.2) lib/rails/application.rb:144:in `call'
  rack (1.5.5) lib/rack/lock.rb:17:in `call'
  rack (1.5.5) lib/rack/content_length.rb:14:in `call'
  rack (1.5.5) lib/rack/handler/webrick.rb:60:in `service'
  /usr/lib/ruby/1.9.1/webrick/httpserver.rb:138:in `service'
  /usr/lib/ruby/1.9.1/webrick/httpserver.rb:94:in `run'
  /usr/lib/ruby/1.9.1/webrick/server.rb:191:in `block in start_thread'


  Rendered /var/lib/gems/1.9.1/gems/actionpack-4.1.2/lib/action_dispatch/middleware/templates/rescues/_source.erb (0.7ms)
  Rendered /var/lib/gems/1.9.1/gems/actionpack-4.1.2/lib/action_dispatch/middleware/templates/rescues/_trace.html.erb (1.0ms)
  Rendered /var/lib/gems/1.9.1/gems/actionpack-4.1.2/lib/action_dispatch/middleware/templates/rescues/_request_and_response.html.erb (10.1ms)
  Rendered /var/lib/gems/1.9.1/gems/actionpack-4.1.2/lib/action_dispatch/middleware/templates/rescues/diagnostics.erb within rescues/layout (45.9ms)


Started GET "/categories/new" for 127.0.0.1 at 2015-09-15 19:05:54 -0300
Processing by CategoriesController#new as HTML
  Rendered categories/new.html.erb within layouts/application (0.5ms)
Completed 500 Internal Server Error in 4ms

SyntaxError (/home/fran/Codifive/Codifive/app/views/categories/new.html.erb:3: syntax error, unexpected ':'
...utput_buffer.append=( f.label : nombre );@output_buffer.safe...
...                               ^):
  app/views/categories/new.html.erb:3: syntax error, unexpected ':'


  Rendered /var/lib/gems/1.9.1/gems/actionpack-4.1.2/lib/action_dispatch/middleware/templates/rescues/_source.erb (0.6ms)
  Rendered /var/lib/gems/1.9.1/gems/actionpack-4.1.2/lib/action_dispatch/middleware/templates/rescues/_trace.html.erb (1.2ms)
  Rendered /var/lib/gems/1.9.1/gems/actionpack-4.1.2/lib/action_dispatch/middleware/templates/rescues/_request_and_response.html.erb (0.9ms)
  Rendered /var/lib/gems/1.9.1/gems/actionpack-4.1.2/lib/action_dispatch/middleware/templates/rescues/diagnostics.erb within rescues/layout (12.0ms)


Started GET "/categories/new" for 127.0.0.1 at 2015-09-15 19:06:16 -0300
Processing by CategoriesController#new as HTML
  Rendered categories/new.html.erb within layouts/application (121.4ms)
Completed 200 OK in 1004ms (Views: 1002.7ms | ActiveRecord: 0.0ms)


Started GET "/assets/jquery.js?body=1" for 127.0.0.1 at 2015-09-15 19:06:17 -0300


Started GET "/assets/application.css?body=1" for 127.0.0.1 at 2015-09-15 19:06:17 -0300


Started GET "/assets/jquery_ujs.js?body=1" for 127.0.0.1 at 2015-09-15 19:06:17 -0300


Started GET "/assets/turbolinks.js?body=1" for 127.0.0.1 at 2015-09-15 19:06:17 -0300


Started GET "/assets/application.js?body=1" for 127.0.0.1 at 2015-09-15 19:06:17 -0300


Started GET "/categories/new" for 127.0.0.1 at 2015-09-15 19:14:04 -0300
  [1m[36mActiveRecord::SchemaMigration Load (0.1ms)[0m  [1mSELECT "schema_migrations".* FROM "schema_migrations"[0m
Processing by CategoriesController#new as HTML
  Rendered categories/new.html.erb within layouts/application (61.8ms)
Completed 200 OK in 2918ms (Views: 2885.3ms | ActiveRecord: 0.4ms)


Started GET "/categories/new" for 127.0.0.1 at 2015-09-15 19:14:21 -0300
Processing by CategoriesController#new as HTML
  Rendered categories/new.html.erb within layouts/application (2.2ms)
Completed 200 OK in 44ms (Views: 42.4ms | ActiveRecord: 0.0ms)


Started GET "/categories/new" for 127.0.0.1 at 2015-09-15 19:15:26 -0300
  [1m[36mActiveRecord::SchemaMigration Load (0.1ms)[0m  [1mSELECT "schema_migrations".* FROM "schema_migrations"[0m
Processing by CategoriesController#new as HTML
  Rendered categories/new.html.erb within layouts/application (60.9ms)
Completed 200 OK in 153ms (Views: 119.8ms | ActiveRecord: 0.4ms)


Started GET "/categories/new" for 127.0.0.1 at 2015-09-15 19:17:23 -0300
  [1m[36mActiveRecord::SchemaMigration Load (0.1ms)[0m  [1mSELECT "schema_migrations".* FROM "schema_migrations"[0m
Processing by CategoriesController#new as HTML
  Rendered categories/new.html.erb within layouts/application (64.3ms)
Completed 200 OK in 160ms (Views: 127.5ms | ActiveRecord: 0.3ms)


Started GET "/categories/new" for 127.0.0.1 at 2015-09-15 19:18:21 -0300
Processing by CategoriesController#new as HTML
  Rendered categories/new.html.erb within layouts/application (2.1ms)
Completed 200 OK in 60ms (Views: 59.0ms | ActiveRecord: 0.0ms)


Started GET "/assets/application.css?body=1" for 127.0.0.1 at 2015-09-15 19:18:21 -0300


Started GET "/assets/turbolinks.js?body=1" for 127.0.0.1 at 2015-09-15 19:18:22 -0300


Started GET "/assets/application.js?body=1" for 127.0.0.1 at 2015-09-15 19:18:22 -0300


Started GET "/assets/jquery.js?body=1" for 127.0.0.1 at 2015-09-15 19:18:22 -0300


Started GET "/assets/jquery_ujs.js?body=1" for 127.0.0.1 at 2015-09-15 19:18:22 -0300


Started GET "/categories/new" for 127.0.0.1 at 2015-09-15 19:37:15 -0300
  [1m[36mActiveRecord::SchemaMigration Load (0.2ms)[0m  [1mSELECT "schema_migrations".* FROM "schema_migrations"[0m
Processing by CategoriesController#new as HTML
  Rendered categories/new.html.erb within layouts/application (86.3ms)
Completed 200 OK in 3977ms (Views: 3949.5ms | ActiveRecord: 0.7ms)


Started GET "/assets/application.css?body=1" for 127.0.0.1 at 2015-09-15 19:37:19 -0300


Started GET "/assets/turbolinks.js?body=1" for 127.0.0.1 at 2015-09-15 19:37:19 -0300


Started GET "/assets/application.js?body=1" for 127.0.0.1 at 2015-09-15 19:37:19 -0300


Started GET "/assets/jquery.js?body=1" for 127.0.0.1 at 2015-09-15 19:37:19 -0300


Started GET "/assets/jquery_ujs.js?body=1" for 127.0.0.1 at 2015-09-15 19:37:19 -0300


Started GET "/categories/new" for 127.0.0.1 at 2015-09-15 19:59:02 -0300
  [1m[36mActiveRecord::SchemaMigration Load (0.2ms)[0m  [1mSELECT "schema_migrations".* FROM "schema_migrations"[0m
Processing by CategoriesController#new as HTML
  Rendered categories/new.html.erb within layouts/application (23.2ms)
Completed 200 OK in 117ms (Views: 100.7ms | ActiveRecord: 0.5ms)


Started GET "/assets/application.css?body=1" for 127.0.0.1 at 2015-09-15 19:59:02 -0300


Started GET "/assets/turbolinks.js?body=1" for 127.0.0.1 at 2015-09-15 19:59:02 -0300


Started GET "/assets/jquery_ujs.js?body=1" for 127.0.0.1 at 2015-09-15 19:59:02 -0300


Started GET "/assets/jquery.js?body=1" for 127.0.0.1 at 2015-09-15 19:59:02 -0300


Started GET "/assets/application.js?body=1" for 127.0.0.1 at 2015-09-15 19:59:02 -0300


Started GET "/categories" for 127.0.0.1 at 2015-09-15 19:59:06 -0300

AbstractController::ActionNotFound (The action 'index' could not be found for CategoriesController):
  actionpack (4.1.2) lib/abstract_controller/base.rb:131:in `process'
  actionview (4.1.2) lib/action_view/rendering.rb:30:in `process'
  actionpack (4.1.2) lib/action_controller/metal.rb:196:in `dispatch'
  actionpack (4.1.2) lib/action_controller/metal/rack_delegation.rb:13:in `dispatch'
  actionpack (4.1.2) lib/action_controller/metal.rb:232:in `block in action'
  actionpack (4.1.2) lib/action_dispatch/routing/route_set.rb:82:in `call'
  actionpack (4.1.2) lib/action_dispatch/routing/route_set.rb:82:in `dispatch'
  actionpack (4.1.2) lib/action_dispatch/routing/route_set.rb:50:in `call'
  actionpack (4.1.2) lib/action_dispatch/journey/router.rb:71:in `block in call'
  actionpack (4.1.2) lib/action_dispatch/journey/router.rb:59:in `each'
  actionpack (4.1.2) lib/action_dispatch/journey/router.rb:59:in `call'
  actionpack (4.1.2) lib/action_dispatch/routing/route_set.rb:678:in `call'
  rack (1.5.5) lib/rack/etag.rb:23:in `call'
  rack (1.5.5) lib/rack/conditionalget.rb:25:in `call'
  rack (1.5.5) lib/rack/head.rb:11:in `call'
  actionpack (4.1.2) lib/action_dispatch/middleware/params_parser.rb:27:in `call'
  actionpack (4.1.2) lib/action_dispatch/middleware/flash.rb:254:in `call'
  rack (1.5.5) lib/rack/session/abstract/id.rb:225:in `context'
  rack (1.5.5) lib/rack/session/abstract/id.rb:220:in `call'
  actionpack (4.1.2) lib/action_dispatch/middleware/cookies.rb:560:in `call'
  activerecord (4.1.2) lib/active_record/query_cache.rb:36:in `call'
  activerecord (4.1.2) lib/active_record/connection_adapters/abstract/connection_pool.rb:621:in `call'
  activerecord (4.1.2) lib/active_record/migration.rb:380:in `call'
  actionpack (4.1.2) lib/action_dispatch/middleware/callbacks.rb:29:in `block in call'
  activesupport (4.1.2) lib/active_support/callbacks.rb:82:in `run_callbacks'
  actionpack (4.1.2) lib/action_dispatch/middleware/callbacks.rb:27:in `call'
  actionpack (4.1.2) lib/action_dispatch/middleware/reloader.rb:73:in `call'
  actionpack (4.1.2) lib/action_dispatch/middleware/remote_ip.rb:76:in `call'
  actionpack (4.1.2) lib/action_dispatch/middleware/debug_exceptions.rb:17:in `call'
  actionpack (4.1.2) lib/action_dispatch/middleware/show_exceptions.rb:30:in `call'
  railties (4.1.2) lib/rails/rack/logger.rb:38:in `call_app'
  railties (4.1.2) lib/rails/rack/logger.rb:20:in `block in call'
  activesupport (4.1.2) lib/active_support/tagged_logging.rb:68:in `block in tagged'
  activesupport (4.1.2) lib/active_support/tagged_logging.rb:26:in `tagged'
  activesupport (4.1.2) lib/active_support/tagged_logging.rb:68:in `tagged'
  railties (4.1.2) lib/rails/rack/logger.rb:20:in `call'
  actionpack (4.1.2) lib/action_dispatch/middleware/request_id.rb:21:in `call'
  rack (1.5.5) lib/rack/methodoverride.rb:21:in `call'
  rack (1.5.5) lib/rack/runtime.rb:17:in `call'
  activesupport (4.1.2) lib/active_support/cache/strategy/local_cache_middleware.rb:26:in `call'
  rack (1.5.5) lib/rack/lock.rb:17:in `call'
  actionpack (4.1.2) lib/action_dispatch/middleware/static.rb:64:in `call'
  rack (1.5.5) lib/rack/sendfile.rb:112:in `call'
  railties (4.1.2) lib/rails/engine.rb:514:in `call'
  railties (4.1.2) lib/rails/application.rb:144:in `call'
  rack (1.5.5) lib/rack/lock.rb:17:in `call'
  rack (1.5.5) lib/rack/content_length.rb:14:in `call'
  rack (1.5.5) lib/rack/handler/webrick.rb:60:in `service'
  /home/bebopass/.rvm/rubies/ruby-2.2.1/lib/ruby/2.2.0/webrick/httpserver.rb:138:in `service'
  /home/bebopass/.rvm/rubies/ruby-2.2.1/lib/ruby/2.2.0/webrick/httpserver.rb:94:in `run'
  /home/bebopass/.rvm/rubies/ruby-2.2.1/lib/ruby/2.2.0/webrick/server.rb:294:in `block in start_thread'


  Rendered /home/bebopass/.rvm/gems/ruby-2.2.1/gems/actionpack-4.1.2/lib/action_dispatch/middleware/templates/rescues/unknown_action.html.erb within rescues/layout (0.8ms)


Started GET "/categories" for 127.0.0.1 at 2015-09-15 19:59:49 -0300
  [1m[36mActiveRecord::SchemaMigration Load (0.3ms)[0m  [1mSELECT "schema_migrations".* FROM "schema_migrations"[0m

AbstractController::ActionNotFound (The action 'index' could not be found for CategoriesController):
  actionpack (4.1.2) lib/abstract_controller/base.rb:131:in `process'
  actionview (4.1.2) lib/action_view/rendering.rb:30:in `process'
  actionpack (4.1.2) lib/action_controller/metal.rb:196:in `dispatch'
  actionpack (4.1.2) lib/action_controller/metal/rack_delegation.rb:13:in `dispatch'
  actionpack (4.1.2) lib/action_controller/metal.rb:232:in `block in action'
  actionpack (4.1.2) lib/action_dispatch/routing/route_set.rb:82:in `call'
  actionpack (4.1.2) lib/action_dispatch/routing/route_set.rb:82:in `dispatch'
  actionpack (4.1.2) lib/action_dispatch/routing/route_set.rb:50:in `call'
  actionpack (4.1.2) lib/action_dispatch/journey/router.rb:71:in `block in call'
  actionpack (4.1.2) lib/action_dispatch/journey/router.rb:59:in `each'
  actionpack (4.1.2) lib/action_dispatch/journey/router.rb:59:in `call'
  actionpack (4.1.2) lib/action_dispatch/routing/route_set.rb:678:in `call'
  rack (1.5.5) lib/rack/etag.rb:23:in `call'
  rack (1.5.5) lib/rack/conditionalget.rb:25:in `call'
  rack (1.5.5) lib/rack/head.rb:11:in `call'
  actionpack (4.1.2) lib/action_dispatch/middleware/params_parser.rb:27:in `call'
  actionpack (4.1.2) lib/action_dispatch/middleware/flash.rb:254:in `call'
  rack (1.5.5) lib/rack/session/abstract/id.rb:225:in `context'
  rack (1.5.5) lib/rack/session/abstract/id.rb:220:in `call'
  actionpack (4.1.2) lib/action_dispatch/middleware/cookies.rb:560:in `call'
  activerecord (4.1.2) lib/active_record/query_cache.rb:36:in `call'
  activerecord (4.1.2) lib/active_record/connection_adapters/abstract/connection_pool.rb:621:in `call'
  activerecord (4.1.2) lib/active_record/migration.rb:380:in `call'
  actionpack (4.1.2) lib/action_dispatch/middleware/callbacks.rb:29:in `block in call'
  activesupport (4.1.2) lib/active_support/callbacks.rb:82:in `run_callbacks'
  actionpack (4.1.2) lib/action_dispatch/middleware/callbacks.rb:27:in `call'
  actionpack (4.1.2) lib/action_dispatch/middleware/reloader.rb:73:in `call'
  actionpack (4.1.2) lib/action_dispatch/middleware/remote_ip.rb:76:in `call'
  actionpack (4.1.2) lib/action_dispatch/middleware/debug_exceptions.rb:17:in `call'
  actionpack (4.1.2) lib/action_dispatch/middleware/show_exceptions.rb:30:in `call'
  railties (4.1.2) lib/rails/rack/logger.rb:38:in `call_app'
  railties (4.1.2) lib/rails/rack/logger.rb:20:in `block in call'
  activesupport (4.1.2) lib/active_support/tagged_logging.rb:68:in `block in tagged'
  activesupport (4.1.2) lib/active_support/tagged_logging.rb:26:in `tagged'
  activesupport (4.1.2) lib/active_support/tagged_logging.rb:68:in `tagged'
  railties (4.1.2) lib/rails/rack/logger.rb:20:in `call'
  actionpack (4.1.2) lib/action_dispatch/middleware/request_id.rb:21:in `call'
  rack (1.5.5) lib/rack/methodoverride.rb:21:in `call'
  rack (1.5.5) lib/rack/runtime.rb:17:in `call'
  activesupport (4.1.2) lib/active_support/cache/strategy/local_cache_middleware.rb:26:in `call'
  rack (1.5.5) lib/rack/lock.rb:17:in `call'
  actionpack (4.1.2) lib/action_dispatch/middleware/static.rb:64:in `call'
  rack (1.5.5) lib/rack/sendfile.rb:112:in `call'
  railties (4.1.2) lib/rails/engine.rb:514:in `call'
  railties (4.1.2) lib/rails/application.rb:144:in `call'
  rack (1.5.5) lib/rack/lock.rb:17:in `call'
  rack (1.5.5) lib/rack/content_length.rb:14:in `call'
  rack (1.5.5) lib/rack/handler/webrick.rb:60:in `service'
  /home/bebopass/.rvm/rubies/ruby-2.2.1/lib/ruby/2.2.0/webrick/httpserver.rb:138:in `service'
  /home/bebopass/.rvm/rubies/ruby-2.2.1/lib/ruby/2.2.0/webrick/httpserver.rb:94:in `run'
  /home/bebopass/.rvm/rubies/ruby-2.2.1/lib/ruby/2.2.0/webrick/server.rb:294:in `block in start_thread'


  Rendered /home/bebopass/.rvm/gems/ruby-2.2.1/gems/actionpack-4.1.2/lib/action_dispatch/middleware/templates/rescues/unknown_action.html.erb within rescues/layout (1.9ms)


Started GET "/categories" for 127.0.0.1 at 2015-09-15 20:07:01 -0300
  [1m[36mActiveRecord::SchemaMigration Load (0.2ms)[0m  [1mSELECT "schema_migrations".* FROM "schema_migrations"[0m
Processing by CategoriesController#index as HTML
  [1m[35mCategory Load (0.2ms)[0m  SELECT "categories".* FROM "categories"
  Rendered categories/index.html.erb within layouts/application (8.9ms)
Completed 200 OK in 3407ms (Views: 3390.8ms | ActiveRecord: 0.8ms)


Started GET "/assets/application.css?body=1" for 127.0.0.1 at 2015-09-15 20:07:05 -0300


Started GET "/assets/jquery.js?body=1" for 127.0.0.1 at 2015-09-15 20:07:05 -0300


Started GET "/assets/jquery_ujs.js?body=1" for 127.0.0.1 at 2015-09-15 20:07:05 -0300


Started GET "/assets/turbolinks.js?body=1" for 127.0.0.1 at 2015-09-15 20:07:05 -0300


Started GET "/assets/application.js?body=1" for 127.0.0.1 at 2015-09-15 20:07:05 -0300


Started GET "/" for 127.0.0.1 at 2015-09-17 09:01:49 -0300
  [1m[36mActiveRecord::SchemaMigration Load (0.2ms)[0m  [1mSELECT "schema_migrations".* FROM "schema_migrations"[0m
Processing by Rails::WelcomeController#index as HTML
  Rendered /home/bebopass/.rvm/gems/ruby-2.2.1/gems/railties-4.1.2/lib/rails/templates/rails/welcome/index.html.erb (4.3ms)
Completed 200 OK in 91ms (Views: 69.7ms | ActiveRecord: 0.0ms)


Started GET "/categories/" for 127.0.0.1 at 2015-09-17 09:02:34 -0300
Processing by CategoriesController#index as HTML
  [1m[35mCategory Load (0.4ms)[0m  SELECT "categories".* FROM "categories"
  Rendered categories/index.html.erb within layouts/application (11.0ms)
Completed 200 OK in 580ms (Views: 553.7ms | ActiveRecord: 1.1ms)


Started GET "/assets/application.css?body=1" for 127.0.0.1 at 2015-09-17 09:02:35 -0300


Started GET "/assets/jquery.js?body=1" for 127.0.0.1 at 2015-09-17 09:02:35 -0300


Started GET "/assets/jquery_ujs.js?body=1" for 127.0.0.1 at 2015-09-17 09:02:35 -0300


Started GET "/assets/turbolinks.js?body=1" for 127.0.0.1 at 2015-09-17 09:02:35 -0300


Started GET "/assets/application.js?body=1" for 127.0.0.1 at 2015-09-17 09:02:35 -0300


Started GET "/categories/new" for 127.0.0.1 at 2015-09-17 09:03:08 -0300
Processing by CategoriesController#new as HTML
  Rendered categories/new.html.erb within layouts/application (537.9ms)
Completed 200 OK in 655ms (Views: 654.1ms | ActiveRecord: 0.0ms)


Started GET "/assets/application.css?body=1" for 127.0.0.1 at 2015-09-17 09:03:09 -0300


Started GET "/assets/jquery.js?body=1" for 127.0.0.1 at 2015-09-17 09:03:09 -0300


Started GET "/assets/jquery_ujs.js?body=1" for 127.0.0.1 at 2015-09-17 09:03:09 -0300


Started GET "/assets/application.js?body=1" for 127.0.0.1 at 2015-09-17 09:03:09 -0300


Started GET "/assets/turbolinks.js?body=1" for 127.0.0.1 at 2015-09-17 09:03:09 -0300
